2021-03-29 11:58:06,374 INFO 10960 [egg:logger] init all loggers with options: {"dir":"./log/","encoding":"utf8","env":"local","level":"INFO","consoleLevel":"INFO","disableConsoleAfterReady":false,"outputJSON":false,"buffer":true,"appLogName":"shuju-web.log","coreLogName":"egg-web.log","agentLogName":"egg-agent.log","errorLogName":"common-error.log","coreLogger":{"consoleLevel":"WARN"},"allowDebugAtProd":false,"type":"application"}
2021-03-29 11:58:06,627 INFO 10960 [egg-multipart] stream mode enable
2021-03-29 11:58:06,627 INFO 10960 [egg-mysql] connecting root@127.0.0.1:3306/shujushouji
2021-03-29 11:58:07,208 INFO 10960 [egg-static] starting static serve /public/ -> D:\456\monitor-for-egg\app\public
2021-03-29 11:58:07,212 INFO 10960 [egg-security] use methodnoallow middleware
2021-03-29 11:58:07,213 INFO 10960 [egg-security] use noopen middleware
2021-03-29 11:58:07,215 INFO 10960 [egg-security] use nosniff middleware
2021-03-29 11:58:07,215 INFO 10960 [egg-security] use xssProtection middleware
2021-03-29 11:58:07,216 INFO 10960 [egg-security] use xframe middleware
2021-03-29 11:58:07,217 INFO 10960 [egg-security] use dta middleware
2021-03-29 11:58:07,217 INFO 10960 [egg-security] compose 6 middlewares into one security middleware
2021-03-29 11:58:07,259 INFO 10960 [egg:core] dump config after load, 6ms
2021-03-29 11:58:07,407 INFO 10960 [egg-watcher:application] watcher start success
2021-03-29 11:58:07,408 INFO 10960 [egg-mysql] instance[0] status OK, rds currentTime: Mon Mar 29 2021 11:58:07 GMT+0800 (China Standard Time)
2021-03-29 11:58:07,434 INFO 10960 [egg:core] dump config after ready, 6ms
2021-03-29 11:58:39,525 INFO 10732 [egg:logger] init all loggers with options: {"dir":"./log/","encoding":"utf8","env":"local","level":"INFO","consoleLevel":"INFO","disableConsoleAfterReady":false,"outputJSON":false,"buffer":true,"appLogName":"shuju-web.log","coreLogName":"egg-web.log","agentLogName":"egg-agent.log","errorLogName":"common-error.log","coreLogger":{"consoleLevel":"WARN"},"allowDebugAtProd":false,"type":"application"}
2021-03-29 11:58:39,785 INFO 10732 [egg-multipart] stream mode enable
2021-03-29 11:58:39,786 INFO 10732 [egg-mysql] connecting root@127.0.0.1:3306/shujushouji
2021-03-29 11:58:40,398 INFO 10732 [egg-static] starting static serve /public/ -> D:\456\monitor-for-egg\app\public
2021-03-29 11:58:40,402 INFO 10732 [egg-security] use methodnoallow middleware
2021-03-29 11:58:40,403 INFO 10732 [egg-security] use noopen middleware
2021-03-29 11:58:40,405 INFO 10732 [egg-security] use nosniff middleware
2021-03-29 11:58:40,406 INFO 10732 [egg-security] use xssProtection middleware
2021-03-29 11:58:40,407 INFO 10732 [egg-security] use xframe middleware
2021-03-29 11:58:40,408 INFO 10732 [egg-security] use dta middleware
2021-03-29 11:58:40,408 INFO 10732 [egg-security] compose 6 middlewares into one security middleware
2021-03-29 11:58:40,450 INFO 10732 [egg:core] dump config after load, 9ms
2021-03-29 11:58:40,569 INFO 10732 [egg-mysql] instance[0] status OK, rds currentTime: Mon Mar 29 2021 11:58:40 GMT+0800 (China Standard Time)
2021-03-29 11:58:40,570 INFO 10732 [egg-watcher:application] watcher start success
2021-03-29 11:58:40,592 INFO 10732 [egg:core] dump config after ready, 6ms
