2021-03-29 11:59:17,847 INFO 6344 [egg-schedule]: register schedule D:\456\monitor-for-egg\node_modules\_egg-multipart@2.10.3@egg-multipart\app\schedule\clean_tmpdir.js
2021-03-29 11:59:17,847 INFO 6344 [egg-schedule]: register schedule D:\456\monitor-for-egg\node_modules\_egg-logrotator@3.1.0@egg-logrotator\app\schedule\clean_log.js
2021-03-29 11:59:17,847 INFO 6344 [egg-schedule]: register schedule D:\456\monitor-for-egg\node_modules\_egg-logrotator@3.1.0@egg-logrotator\app\schedule\rotate_by_file.js
2021-03-29 11:59:17,847 INFO 6344 [egg-schedule]: register schedule D:\456\monitor-for-egg\app\schedule\analyse_funuse.js
2021-03-29 11:59:17,847 INFO 6344 [egg-schedule]: register schedule D:\456\monitor-for-egg\app\schedule\analyse_login.js
2021-03-29 11:59:18,751 INFO 4556 [Timer] D:\456\monitor-for-egg\node_modules\_egg-multipart@2.10.3@egg-multipart\app\schedule\clean_tmpdir.js next time will execute after 59441251ms at 2021-03-30 04:30:00.002
2021-03-29 11:59:18,752 INFO 4556 [Timer] D:\456\monitor-for-egg\node_modules\_egg-logrotator@3.1.0@egg-logrotator\app\schedule\clean_log.js next time will execute after 43241249ms at 2021-03-30 00:00:00.001
2021-03-29 11:59:18,752 INFO 4556 [Timer] D:\456\monitor-for-egg\node_modules\_egg-logrotator@3.1.0@egg-logrotator\app\schedule\rotate_by_file.js next time will execute after 43242248ms at 2021-03-30 00:00:01.000
2021-03-29 11:59:18,752 INFO 4556 [Timer] D:\456\monitor-for-egg\app\schedule\analyse_funuse.js next time will execute after 47141248ms at 2021-03-30 01:05:00.000
2021-03-29 11:59:18,752 INFO 4556 [Timer] D:\456\monitor-for-egg\app\schedule\analyse_login.js next time will execute after 46901248ms at 2021-03-30 01:01:00.000
2021-03-29 13:54:58,066 INFO 8176 [egg-schedule]: register schedule D:\456\monitor-for-egg\node_modules\_egg-multipart@2.10.3@egg-multipart\app\schedule\clean_tmpdir.js
2021-03-29 13:54:58,066 INFO 8176 [egg-schedule]: register schedule D:\456\monitor-for-egg\node_modules\_egg-logrotator@3.1.0@egg-logrotator\app\schedule\clean_log.js
2021-03-29 13:54:58,066 INFO 8176 [egg-schedule]: register schedule D:\456\monitor-for-egg\node_modules\_egg-logrotator@3.1.0@egg-logrotator\app\schedule\rotate_by_file.js
2021-03-29 13:54:58,066 INFO 8176 [egg-schedule]: register schedule D:\456\monitor-for-egg\app\schedule\analyse_funuse.js
2021-03-29 13:54:58,066 INFO 8176 [egg-schedule]: register schedule D:\456\monitor-for-egg\app\schedule\analyse_login.js
2021-03-29 13:55:01,087 INFO 10572 [egg-schedule]: register schedule D:\456\monitor-for-egg\node_modules\_egg-multipart@2.10.3@egg-multipart\app\schedule\clean_tmpdir.js
2021-03-29 13:55:01,087 INFO 10572 [egg-schedule]: register schedule D:\456\monitor-for-egg\node_modules\_egg-logrotator@3.1.0@egg-logrotator\app\schedule\clean_log.js
2021-03-29 13:55:01,087 INFO 10572 [egg-schedule]: register schedule D:\456\monitor-for-egg\node_modules\_egg-logrotator@3.1.0@egg-logrotator\app\schedule\rotate_by_file.js
2021-03-29 13:55:01,087 INFO 10572 [egg-schedule]: register schedule D:\456\monitor-for-egg\app\schedule\analyse_funuse.js
2021-03-29 13:55:01,087 INFO 10572 [egg-schedule]: register schedule D:\456\monitor-for-egg\app\schedule\analyse_login.js
2021-03-29 13:55:07,566 INFO 8836 [egg-schedule]: register schedule D:\456\monitor-for-egg\node_modules\_egg-multipart@2.10.3@egg-multipart\app\schedule\clean_tmpdir.js
2021-03-29 13:55:07,566 INFO 8836 [egg-schedule]: register schedule D:\456\monitor-for-egg\node_modules\_egg-logrotator@3.1.0@egg-logrotator\app\schedule\clean_log.js
2021-03-29 13:55:07,566 INFO 8836 [egg-schedule]: register schedule D:\456\monitor-for-egg\node_modules\_egg-logrotator@3.1.0@egg-logrotator\app\schedule\rotate_by_file.js
2021-03-29 13:55:07,566 INFO 8836 [egg-schedule]: register schedule D:\456\monitor-for-egg\app\schedule\analyse_funuse.js
2021-03-29 13:55:07,566 INFO 8836 [egg-schedule]: register schedule D:\456\monitor-for-egg\app\schedule\analyse_login.js
2021-03-29 15:11:39,554 INFO 10432 [egg-schedule]: register schedule D:\456\monitor-for-egg\node_modules\_egg-multipart@2.10.3@egg-multipart\app\schedule\clean_tmpdir.js
2021-03-29 15:11:39,554 INFO 10432 [egg-schedule]: register schedule D:\456\monitor-for-egg\node_modules\_egg-logrotator@3.1.0@egg-logrotator\app\schedule\clean_log.js
2021-03-29 15:11:39,554 INFO 10432 [egg-schedule]: register schedule D:\456\monitor-for-egg\node_modules\_egg-logrotator@3.1.0@egg-logrotator\app\schedule\rotate_by_file.js
2021-03-29 15:11:39,554 INFO 10432 [egg-schedule]: register schedule D:\456\monitor-for-egg\app\schedule\analyse_funuse.js
2021-03-29 15:11:39,554 INFO 10432 [egg-schedule]: register schedule D:\456\monitor-for-egg\app\schedule\analyse_login.js
2021-03-29 15:11:40,372 INFO 10516 [Timer] D:\456\monitor-for-egg\node_modules\_egg-multipart@2.10.3@egg-multipart\app\schedule\clean_tmpdir.js next time will execute after 47899630ms at 2021-03-30 04:30:00.002
2021-03-29 15:11:40,373 INFO 10516 [Timer] D:\456\monitor-for-egg\node_modules\_egg-logrotator@3.1.0@egg-logrotator\app\schedule\clean_log.js next time will execute after 31699628ms at 2021-03-30 00:00:00.001
2021-03-29 15:11:40,373 INFO 10516 [Timer] D:\456\monitor-for-egg\node_modules\_egg-logrotator@3.1.0@egg-logrotator\app\schedule\rotate_by_file.js next time will execute after 31700627ms at 2021-03-30 00:00:01.000
2021-03-29 15:11:40,373 INFO 10516 [Timer] D:\456\monitor-for-egg\app\schedule\analyse_funuse.js next time will execute after 35599627ms at 2021-03-30 01:05:00.000
2021-03-29 15:11:40,373 INFO 10516 [Timer] D:\456\monitor-for-egg\app\schedule\analyse_login.js next time will execute immediate
2021-03-29 15:11:40,374 INFO 10516 [Timer] D:\456\monitor-for-egg\app\schedule\analyse_login.js next time will execute after 35359626ms at 2021-03-30 01:01:00.000
2021-03-29 15:11:40,374 INFO 10432 [Job#1617001900373210883063639001] D:\456\monitor-for-egg\app\schedule\analyse_login.js executing by app
2021-03-29 15:11:40,425 INFO 10432 [Job#1617001900373210883063639001] D:\456\monitor-for-egg\app\schedule\analyse_login.js execute succeed, used 50ms. 
2021-03-29 15:11:41,656 INFO 10272 [egg-schedule]: register schedule D:\456\monitor-for-egg\node_modules\_egg-multipart@2.10.3@egg-multipart\app\schedule\clean_tmpdir.js
2021-03-29 15:11:41,656 INFO 10272 [egg-schedule]: register schedule D:\456\monitor-for-egg\node_modules\_egg-logrotator@3.1.0@egg-logrotator\app\schedule\clean_log.js
2021-03-29 15:11:41,656 INFO 10272 [egg-schedule]: register schedule D:\456\monitor-for-egg\node_modules\_egg-logrotator@3.1.0@egg-logrotator\app\schedule\rotate_by_file.js
2021-03-29 15:11:41,656 INFO 10272 [egg-schedule]: register schedule D:\456\monitor-for-egg\app\schedule\analyse_funuse.js
2021-03-29 15:11:41,656 INFO 10272 [egg-schedule]: register schedule D:\456\monitor-for-egg\app\schedule\analyse_login.js
2021-03-29 15:11:42,372 INFO 10272 [Job#1617001900373210883063639001] D:\456\monitor-for-egg\app\schedule\analyse_login.js executing by app
2021-03-29 15:11:42,621 INFO 10272 [Job#1617001900373210883063639001] D:\456\monitor-for-egg\app\schedule\analyse_login.js execute succeed, used 249ms. 
2021-03-29 15:11:45,226 INFO 6112 [egg-schedule]: register schedule D:\456\monitor-for-egg\node_modules\_egg-multipart@2.10.3@egg-multipart\app\schedule\clean_tmpdir.js
2021-03-29 15:11:45,226 INFO 6112 [egg-schedule]: register schedule D:\456\monitor-for-egg\node_modules\_egg-logrotator@3.1.0@egg-logrotator\app\schedule\clean_log.js
2021-03-29 15:11:45,226 INFO 6112 [egg-schedule]: register schedule D:\456\monitor-for-egg\node_modules\_egg-logrotator@3.1.0@egg-logrotator\app\schedule\rotate_by_file.js
2021-03-29 15:11:45,226 INFO 6112 [egg-schedule]: register schedule D:\456\monitor-for-egg\app\schedule\analyse_funuse.js
2021-03-29 15:11:45,226 INFO 6112 [egg-schedule]: register schedule D:\456\monitor-for-egg\app\schedule\analyse_login.js
2021-03-29 15:59:46,661 INFO 2704 [egg-schedule]: register schedule D:\456\monitor-for-egg\node_modules\_egg-multipart@2.10.3@egg-multipart\app\schedule\clean_tmpdir.js
2021-03-29 15:59:46,661 INFO 2704 [egg-schedule]: register schedule D:\456\monitor-for-egg\node_modules\_egg-logrotator@3.1.0@egg-logrotator\app\schedule\clean_log.js
2021-03-29 15:59:46,661 INFO 2704 [egg-schedule]: register schedule D:\456\monitor-for-egg\node_modules\_egg-logrotator@3.1.0@egg-logrotator\app\schedule\rotate_by_file.js
2021-03-29 15:59:46,661 INFO 2704 [egg-schedule]: register schedule D:\456\monitor-for-egg\app\schedule\analyse_funuse.js
2021-03-29 15:59:46,661 INFO 2704 [egg-schedule]: register schedule D:\456\monitor-for-egg\app\schedule\analyse_login.js
2021-03-29 15:59:47,436 INFO 9072 [Timer] D:\456\monitor-for-egg\node_modules\_egg-multipart@2.10.3@egg-multipart\app\schedule\clean_tmpdir.js next time will execute after 45012567ms at 2021-03-30 04:30:00.003
2021-03-29 15:59:47,436 INFO 9072 [Timer] D:\456\monitor-for-egg\node_modules\_egg-logrotator@3.1.0@egg-logrotator\app\schedule\clean_log.js next time will execute after 28812564ms at 2021-03-30 00:00:00.000
2021-03-29 15:59:47,436 INFO 9072 [Timer] D:\456\monitor-for-egg\node_modules\_egg-logrotator@3.1.0@egg-logrotator\app\schedule\rotate_by_file.js next time will execute after 28813564ms at 2021-03-30 00:00:01.000
2021-03-29 15:59:47,437 INFO 9072 [Timer] D:\456\monitor-for-egg\app\schedule\analyse_funuse.js next time will execute after 32712564ms at 2021-03-30 01:05:00.000
2021-03-29 15:59:47,437 INFO 9072 [Timer] D:\456\monitor-for-egg\app\schedule\analyse_login.js next time will execute immediate
2021-03-29 15:59:47,437 INFO 9072 [Timer] D:\456\monitor-for-egg\app\schedule\analyse_login.js next time will execute after 32472563ms at 2021-03-30 01:01:00.000
2021-03-29 15:59:47,437 INFO 2704 [Job#1617004787437239753700685001] D:\456\monitor-for-egg\app\schedule\analyse_login.js executing by app
2021-03-29 15:59:47,485 INFO 2704 [Job#1617004787437239753700685001] D:\456\monitor-for-egg\app\schedule\analyse_login.js execute succeed, used 47ms. 
2021-03-29 16:00:16,278 INFO 11080 [egg-schedule]: register schedule D:\456\monitor-for-egg\node_modules\_egg-multipart@2.10.3@egg-multipart\app\schedule\clean_tmpdir.js
2021-03-29 16:00:16,278 INFO 11080 [egg-schedule]: register schedule D:\456\monitor-for-egg\node_modules\_egg-logrotator@3.1.0@egg-logrotator\app\schedule\clean_log.js
2021-03-29 16:00:16,278 INFO 11080 [egg-schedule]: register schedule D:\456\monitor-for-egg\node_modules\_egg-logrotator@3.1.0@egg-logrotator\app\schedule\rotate_by_file.js
2021-03-29 16:00:16,278 INFO 11080 [egg-schedule]: register schedule D:\456\monitor-for-egg\app\schedule\analyse_funuse.js
2021-03-29 16:00:16,278 INFO 11080 [egg-schedule]: register schedule D:\456\monitor-for-egg\app\schedule\analyse_login.js
2021-03-29 16:00:17,138 INFO 11080 [Job#161700481713724005704738001] D:\456\monitor-for-egg\app\schedule\analyse_login.js executing by app
2021-03-29 16:00:17,182 INFO 11080 [Job#161700481713724005704738001] D:\456\monitor-for-egg\app\schedule\analyse_login.js execute succeed, used 43ms. 
2021-03-29 16:00:17,136 INFO 11740 [Timer] D:\456\monitor-for-egg\node_modules\_egg-multipart@2.10.3@egg-multipart\app\schedule\clean_tmpdir.js next time will execute after 44982867ms at 2021-03-30 04:30:00.002
2021-03-29 16:00:17,136 INFO 11740 [Timer] D:\456\monitor-for-egg\node_modules\_egg-logrotator@3.1.0@egg-logrotator\app\schedule\clean_log.js next time will execute after 28782864ms at 2021-03-30 00:00:00.000
2021-03-29 16:00:17,136 INFO 11740 [Timer] D:\456\monitor-for-egg\node_modules\_egg-logrotator@3.1.0@egg-logrotator\app\schedule\rotate_by_file.js next time will execute after 28783864ms at 2021-03-30 00:00:01.000
2021-03-29 16:00:17,136 INFO 11740 [Timer] D:\456\monitor-for-egg\app\schedule\analyse_funuse.js next time will execute after 32682864ms at 2021-03-30 01:05:00.000
2021-03-29 16:00:17,136 INFO 11740 [Timer] D:\456\monitor-for-egg\app\schedule\analyse_login.js next time will execute immediate
2021-03-29 16:00:17,137 INFO 11740 [Timer] D:\456\monitor-for-egg\app\schedule\analyse_login.js next time will execute after 32442863ms at 2021-03-30 01:01:00.000
2021-03-29 16:00:44,437 INFO 596 [egg-schedule]: register schedule D:\456\monitor-for-egg\node_modules\_egg-multipart@2.10.3@egg-multipart\app\schedule\clean_tmpdir.js
2021-03-29 16:00:44,437 INFO 596 [egg-schedule]: register schedule D:\456\monitor-for-egg\node_modules\_egg-logrotator@3.1.0@egg-logrotator\app\schedule\clean_log.js
2021-03-29 16:00:44,437 INFO 596 [egg-schedule]: register schedule D:\456\monitor-for-egg\node_modules\_egg-logrotator@3.1.0@egg-logrotator\app\schedule\rotate_by_file.js
2021-03-29 16:00:44,437 INFO 596 [egg-schedule]: register schedule D:\456\monitor-for-egg\app\schedule\analyse_funuse.js
2021-03-29 16:00:44,437 INFO 596 [egg-schedule]: register schedule D:\456\monitor-for-egg\app\schedule\analyse_login.js
2021-03-29 16:18:21,235 INFO 13120 [egg-schedule]: register schedule D:\456\monitor-for-egg\node_modules\_egg-multipart@2.10.3@egg-multipart\app\schedule\clean_tmpdir.js
2021-03-29 16:18:21,235 INFO 13120 [egg-schedule]: register schedule D:\456\monitor-for-egg\node_modules\_egg-logrotator@3.1.0@egg-logrotator\app\schedule\clean_log.js
2021-03-29 16:18:21,235 INFO 13120 [egg-schedule]: register schedule D:\456\monitor-for-egg\node_modules\_egg-logrotator@3.1.0@egg-logrotator\app\schedule\rotate_by_file.js
2021-03-29 16:18:21,235 INFO 13120 [egg-schedule]: register schedule D:\456\monitor-for-egg\app\schedule\analyse_funuse.js
2021-03-29 16:18:21,235 INFO 13120 [egg-schedule]: register schedule D:\456\monitor-for-egg\app\schedule\analyse_login.js
2021-03-29 16:18:24,302 INFO 9524 [egg-schedule]: register schedule D:\456\monitor-for-egg\node_modules\_egg-multipart@2.10.3@egg-multipart\app\schedule\clean_tmpdir.js
2021-03-29 16:18:24,302 INFO 9524 [egg-schedule]: register schedule D:\456\monitor-for-egg\node_modules\_egg-logrotator@3.1.0@egg-logrotator\app\schedule\clean_log.js
2021-03-29 16:18:24,303 INFO 9524 [egg-schedule]: register schedule D:\456\monitor-for-egg\node_modules\_egg-logrotator@3.1.0@egg-logrotator\app\schedule\rotate_by_file.js
2021-03-29 16:18:24,303 INFO 9524 [egg-schedule]: register schedule D:\456\monitor-for-egg\app\schedule\analyse_funuse.js
2021-03-29 16:18:24,303 INFO 9524 [egg-schedule]: register schedule D:\456\monitor-for-egg\app\schedule\analyse_login.js
2021-03-29 16:22:05,588 INFO 9300 [egg-schedule]: register schedule D:\456\monitor-for-egg\node_modules\_egg-multipart@2.10.3@egg-multipart\app\schedule\clean_tmpdir.js
2021-03-29 16:22:05,588 INFO 9300 [egg-schedule]: register schedule D:\456\monitor-for-egg\node_modules\_egg-logrotator@3.1.0@egg-logrotator\app\schedule\clean_log.js
2021-03-29 16:22:05,588 INFO 9300 [egg-schedule]: register schedule D:\456\monitor-for-egg\node_modules\_egg-logrotator@3.1.0@egg-logrotator\app\schedule\rotate_by_file.js
2021-03-29 16:22:05,588 INFO 9300 [egg-schedule]: register schedule D:\456\monitor-for-egg\app\schedule\analyse_funuse.js
2021-03-29 16:22:05,588 INFO 9300 [egg-schedule]: register schedule D:\456\monitor-for-egg\app\schedule\analyse_login.js
